<?xml version="1.0" encoding="UTF-8"?>
<!-- Generated by org.testng.reporters.JUnitReportReporter -->
<testsuite hostname="DESKTOP-HUVU21D" failures="0" tests="1" name="Practice.ExcuteUpdate" time="0.257" errors="0" timestamp="2021-09-27T16:27:08 IST" skipped="0">
  <testcase classname="Practice.ExcuteUpdate" name="excuteupdate" time="0.257"/>
  <system-out/>
</testsuite> <!-- Practice.ExcuteUpdate -->
