<?xml version="1.0" encoding="UTF-8"?>
<!-- Generated by org.testng.reporters.JUnitReportReporter -->
<testsuite hostname="DESKTOP-HUVU21D" failures="0" tests="1" name="testScript.ToolsQa" time="15.675" errors="0" timestamp="2021-10-11T21:39:14 IST" skipped="0">
  <testcase classname="testScript.ToolsQa" name="print" time="15.675"/>
  <system-out/>
</testsuite> <!-- testScript.ToolsQa -->
