<?xml version="1.0" encoding="UTF-8"?>
<!-- Generated by org.testng.reporters.JUnitReportReporter -->
<testsuite hostname="DESKTOP-HUVU21D" failures="0" tests="1" name="Practice.Person" time="0.007" errors="0" timestamp="2021-09-23T18:10:33 IST" skipped="0">
  <testcase classname="Practice.Person" name="der" time="0.007"/>
  <system-out/>
</testsuite> <!-- Practice.Person -->
