<?xml version="1.0" encoding="UTF-8"?>
<!-- Generated by org.testng.reporters.JUnitReportReporter -->
<testsuite hostname="DESKTOP-HUVU21D" failures="0" tests="1" name="Practice.FlipkartCompare" time="44.649" errors="0" timestamp="2021-09-28T13:44:57 IST" skipped="0">
  <testcase classname="Practice.FlipkartCompare" name="compare" time="44.649"/>
  <system-out/>
</testsuite> <!-- Practice.FlipkartCompare -->
