<?xml version="1.0" encoding="UTF-8"?>
<!-- Generated by org.testng.reporters.JUnitReportReporter -->
<testsuite hostname="DESKTOP-HUVU21D" failures="0" tests="1" name="testScript.TC_01CreateContact" time="27.553" errors="0" timestamp="2021-09-30T11:07:24 IST" skipped="0">
  <testcase classname="testScript.TC_01CreateContact" name="createContact" time="27.553"/>
  <system-out/>
</testsuite> <!-- testScript.TC_01CreateContact -->
