<?xml version="1.0" encoding="UTF-8"?>
<!-- Generated by org.testng.reporters.JUnitReportReporter -->
<testsuite hostname="DESKTOP-HUVU21D" failures="0" tests="1" name="Practice.Contact" time="0.012" errors="0" timestamp="2021-09-23T18:12:08 IST" skipped="0">
  <testcase classname="Practice.Contact" name="org" time="0.012"/>
  <system-out/>
</testsuite> <!-- Practice.Contact -->
