<?xml version="1.0" encoding="UTF-8"?>
<!-- Generated by org.testng.reporters.JUnitReportReporter -->
<testsuite hostname="DESKTOP-HUVU21D" failures="0" tests="1" name="Practice.ExcuteQuery" time="0.330" errors="0" timestamp="2021-09-27T15:19:25 IST" skipped="0">
  <testcase classname="Practice.ExcuteQuery" name="excutequery" time="0.330"/>
  <system-out/>
</testsuite> <!-- Practice.ExcuteQuery -->
