<?xml version="1.0" encoding="UTF-8"?>
<!-- Generated by org.testng.reporters.JUnitReportReporter -->
<testsuite hostname="DESKTOP-HUVU21D" failures="0" tests="1" name="GenericsUtils.ReadDataFromJsonFile" time="0.396" errors="0" timestamp="2021-09-27T10:39:31 IST" skipped="0">
  <testcase classname="GenericsUtils.ReadDataFromJsonFile" name="getDataFromJson" time="0.396"/>
  <system-out/>
</testsuite> <!-- GenericsUtils.ReadDataFromJsonFile -->
