<?xml version="1.0" encoding="UTF-8"?>
<!-- Generated by org.testng.reporters.JUnitReportReporter -->
<testsuite hostname="DESKTOP-HUVU21D" failures="0" tests="1" name="GenericsUtils.ReadDataFromPropertyFile" time="0.009" errors="0" timestamp="2021-09-23T15:49:33 IST" skipped="0">
  <testcase classname="GenericsUtils.ReadDataFromPropertyFile" name="readDataFromPropertyFile" time="0.009"/>
  <system-out/>
</testsuite> <!-- GenericsUtils.ReadDataFromPropertyFile -->
